<?xml version="1.0" encoding="UTF-8"?>
<testng-results skipped="0" failed="0" total="2" passed="2">
  <reporter-output>
  </reporter-output>
  <suite name="Default suite" duration-ms="81376" started-at="2016-08-10T16:54:18Z" finished-at="2016-08-10T16:55:39Z">
    <groups>
    </groups>
    <test name="Default test" duration-ms="81376" started-at="2016-08-10T16:54:18Z" finished-at="2016-08-10T16:55:39Z">
      <class name="main.java.businessComponents.MOBILE.AndroidTest">
        <test-method status="PASS" signature="setUp()[pri:0, instance:main.java.businessComponents.MOBILE.AndroidTest@27efef64]" name="setUp" is-config="true" duration-ms="7482" started-at="2016-08-10T22:24:18Z" finished-at="2016-08-10T22:24:25Z">
          <reporter-output>
          </reporter-output>
        </test-method> <!-- setUp -->
        <test-method status="PASS" signature="addConnection()[pri:0, instance:main.java.businessComponents.MOBILE.AndroidTest@27efef64]" name="addConnection" duration-ms="51465" started-at="2016-08-10T22:24:25Z" finished-at="2016-08-10T22:25:17Z">
          <reporter-output>
          </reporter-output>
        </test-method> <!-- addConnection -->
        <test-method status="PASS" signature="login()[pri:0, instance:main.java.businessComponents.MOBILE.AndroidTest@27efef64]" name="login" duration-ms="21090" started-at="2016-08-10T22:25:17Z" finished-at="2016-08-10T22:25:38Z">
          <reporter-output>
          </reporter-output>
        </test-method> <!-- login -->
        <test-method status="PASS" signature="End()[pri:0, instance:main.java.businessComponents.MOBILE.AndroidTest@27efef64]" name="End" is-config="true" duration-ms="1278" started-at="2016-08-10T22:25:38Z" finished-at="2016-08-10T22:25:39Z">
          <reporter-output>
          </reporter-output>
        </test-method> <!-- End -->
      </class> <!-- main.java.businessComponents.MOBILE.AndroidTest -->
    </test> <!-- Default test -->
  </suite> <!-- Default suite -->
</testng-results>
